<?xml version="1.0" encoding="UTF-8"?>
<!-- Generated by org.testng.reporters.JUnitXMLReporter -->
<testsuite hostname="admin-PC" ignored="0" name="Reg" tests="5" failures="1" timestamp="25 Mar 2018 11:25:13 GMT" time="61.164" errors="0">
  <testcase name="title" time="0.238" classname="com.crm.qa.testcases.LoginPageTest"/>
  <testcase name="usernameTest" time="0.004" classname="com.crm.qa.testcases.HomePageTest">
    <failure type="java.lang.NullPointerException">
      <![CDATA[java.lang.NullPointerException
	at com.crm.qa.testcases.HomePageTest.usernameTest(HomePageTest.java:32)
... Removed 25 stack frames]]>
    </failure>
  </testcase> <!-- usernameTest -->
  <testcase name="Logo" time="0.249" classname="com.crm.qa.testcases.LoginPageTest"/>
  <testcase name="verifyHomeTitleTest" time="0.026" classname="com.crm.qa.testcases.HomePageTest"/>
  <testcase name="data" time="5.795" classname="com.crm.qa.testcases.LoginPageTest"/>
</testsuite> <!-- Reg -->
